2022.06.20 19:26:44 INFO  tracing is disabled for protocol LSP, to enable tracing of incoming and outgoing JSON messages create an empty file at /mnt/c/Users/pdcdi/Documents/Scala/scala-project/.metals/lsp.trace.json or /home/vavish/.cache/metals/lsp.trace.json[0m
2022.06.20 19:26:45 INFO  logging to file /mnt/c/Users/pdcdi/Documents/Scala/scala-project/.metals/metals.log[0m
2022.06.20 19:26:45 INFO  Started: Metals version 0.11.6 in workspace '/mnt/c/Users/pdcdi/Documents/Scala/scala-project' for client Visual Studio Code 1.68.1.[0m
2022.06.20 19:26:51 INFO  time: initialize in 6.37s[0m
2022.06.20 19:26:51 WARN  Flyway upgrade recommended: H2 2.1.212 is newer than this version of Flyway and support has not been tested. The latest supported version of H2 is 2.1.210.[0m
2022.06.20 19:26:52 WARN  Build server is not auto-connectable.[0m
2022.06.20 19:26:53 WARN  no build target for: /mnt/c/Users/pdcdi/Documents/Scala/scala-project/build.sbt[0m
2022.06.20 19:28:12 INFO  no build target found for /mnt/c/Users/pdcdi/Documents/Scala/scala-project/src/main/scala/example/example.worksheet.sc. Using presentation compiler with project's scala-library version: 3.1.2[0m
2022.06.20 19:28:12 INFO  no build target found for /mnt/c/Users/pdcdi/Documents/Scala/scala-project/src/main/scala/example/example.worksheet.sc. Using presentation compiler with project's scala-library version: 3.1.2[0m
2022.06.20 19:28:14 INFO  time: evaluated worksheet 'example.worksheet.sc' in 1m20s[0m
2022.06.20 19:28:17 INFO  time: code lens generation in 1m23s[0m
2022.06.20 19:44:26 INFO  running '/home/vavish/miniconda3/bin/java -Djline.terminal=jline.UnsupportedTerminal -Dsbt.log.noformat=true -Dfile.encoding=UTF-8 -jar /tmp/metals5265709076848974361/sbt-launch.jar -Dbloop.export-jar-classifiers=sources bloopInstall'[0m
2022.06.20 19:44:28 ERROR [info] [launcher] getting org.scala-sbt sbt 1.5.2  (this may take some time)...[0m
2022.06.20 19:49:00 ERROR downloading https://repo1.maven.org/maven2/org/scala-sbt/sbt/1.5.2/sbt-1.5.2.jar ...[0m
2022.06.20 19:49:00 ERROR downloading https://repo1.maven.org/maven2/org/scala-lang/scala-library/2.12.13/scala-library-2.12.13.jar ...[0m
2022.06.20 19:49:00 ERROR downloading https://repo1.maven.org/maven2/org/scala-sbt/main_2.12/1.5.2/main_2.12-1.5.2.jar ...[0m
2022.06.20 19:49:00 ERROR downloading https://repo1.maven.org/maven2/org/scala-sbt/io_2.12/1.5.0/io_2.12-1.5.0.jar ...[0m
2022.06.20 19:49:00 ERROR :: loading settings :: url = jar:file:/tmp/metals5265709076848974361/sbt-launch.jar!/org/apache/ivy/core/settings/ivysettings.xml[0m
2022.06.20 19:49:00 ERROR :: loading settings :: url = jar:file:/tmp/metals5265709076848974361/sbt-launch.jar!/org/apache/ivy/core/settings/ivysettings.xml[0m
2022.06.20 19:49:00 ERROR :: loading settings :: url = jar:file:/tmp/metals5265709076848974361/sbt-launch.jar!/org/apache/ivy/core/settings/ivysettings.xml[0m
2022.06.20 19:49:00 ERROR downloading https://repo1.maven.org/maven2/org/scala-sbt/logic_2.12/1.5.2/logic_2.12-1.5.2.jar ...[0m
2022.06.20 19:49:00 ERROR downloading https://repo1.maven.org/maven2/org/scala-sbt/run_2.12/1.5.2/run_2.12-1.5.2.jar ...[0m
2022.06.20 19:49:00 ERROR :: loading settings :: url = jar:file:/tmp/metals5265709076848974361/sbt-launch.jar!/org/apache/ivy/core/settings/ivysettings.xml[0m
2022.06.20 19:49:00 ERROR downloading https://repo1.maven.org/maven2/org/scala-sbt/actions_2.12/1.5.2/actions_2.12-1.5.2.jar ...[0m
2022.06.20 19:49:00 ERROR downloading https://repo1.maven.org/maven2/org/scala-sbt/main-settings_2.12/1.5.2/main-settings_2.12-1.5.2.jar ...[0m
2022.06.20 19:49:00 ERROR :: loading settings :: url = jar:file:/tmp/metals5265709076848974361/sbt-launch.jar!/org/apache/ivy/core/settings/ivysettings.xml[0m
2022.06.20 19:49:00 ERROR :: loading settings :: url = jar:file:/tmp/metals5265709076848974361/sbt-launch.jar!/org/apache/ivy/core/settings/ivysettings.xml[0m
2022.06.20 19:49:00 ERROR :: loading settings :: url = jar:file:/tmp/metals5265709076848974361/sbt-launch.jar!/org/apache/ivy/core/settings/ivysettings.xml[0m
2022.06.20 19:49:00 ERROR :: loading settings :: url = jar:file:/tmp/metals5265709076848974361/sbt-launch.jar!/org/apache/ivy/core/settings/ivysettings.xml[0m
2022.06.20 19:49:02 ERROR 	[SUCCESSFUL ] org.scala-sbt#logic_2.12;1.5.2!logic_2.12.jar (1838ms)[0m
2022.06.20 19:49:02 ERROR downloading https://repo1.maven.org/maven2/org/scala-sbt/command_2.12/1.5.2/command_2.12-1.5.2.jar ...[0m
2022.06.20 19:49:02 ERROR 	[SUCCESSFUL ] org.scala-sbt#sbt;1.5.2!sbt.jar (2572ms)[0m
2022.06.20 19:49:02 ERROR downloading https://repo1.maven.org/maven2/org/scala-sbt/collections_2.12/1.5.2/collections_2.12-1.5.2.jar ...[0m
2022.06.20 19:49:03 ERROR 	[SUCCESSFUL ] org.scala-sbt#run_2.12;1.5.2!run_2.12.jar (3021ms)[0m
2022.06.20 19:49:03 ERROR downloading https://repo1.maven.org/maven2/org/scala-sbt/scripted-plugin_2.12/1.5.2/scripted-plugin_2.12-1.5.2.jar ...[0m
2022.06.20 19:49:03 ERROR 	[SUCCESSFUL ] org.scala-sbt#actions_2.12;1.5.2!actions_2.12.jar (3489ms)[0m
2022.06.20 19:49:03 ERROR downloading https://repo1.maven.org/maven2/org/scala-sbt/zinc-lm-integration_2.12/1.5.2/zinc-lm-integration_2.12-1.5.2.jar ...[0m
2022.06.20 19:49:06 ERROR 	[SUCCESSFUL ] org.scala-sbt#io_2.12;1.5.0!io_2.12.jar (5638ms)[0m
2022.06.20 19:49:06 ERROR downloading https://repo1.maven.org/maven2/org/scala-sbt/util-logging_2.12/1.5.2/util-logging_2.12-1.5.2.jar ...[0m
2022.06.20 19:49:06 ERROR 	[SUCCESSFUL ] org.scala-sbt#scripted-plugin_2.12;1.5.2!scripted-plugin_2.12.jar (2698ms)[0m
2022.06.20 19:49:06 ERROR downloading https://repo1.maven.org/maven2/org/scala-lang/modules/scala-xml_2.12/1.3.0/scala-xml_2.12-1.3.0.jar ...[0m
2022.06.20 19:49:06 ERROR 	[SUCCESSFUL ] org.scala-sbt#zinc-lm-integration_2.12;1.5.2!zinc-lm-integration_2.12.jar (2241ms)[0m
2022.06.20 19:49:06 ERROR downloading https://repo1.maven.org/maven2/org/scala-sbt/launcher-interface/1.3.1/launcher-interface-1.3.1.jar ...[0m
2022.06.20 19:49:06 ERROR 	[SUCCESSFUL ] org.scala-sbt#collections_2.12;1.5.2!collections_2.12.jar (3581ms)[0m
2022.06.20 19:49:06 ERROR downloading https://repo1.maven.org/maven2/com/github/ben-manes/caffeine/caffeine/2.8.5/caffeine-2.8.5.jar ...[0m
2022.06.20 19:49:07 ERROR 	[SUCCESSFUL ] org.scala-sbt#launcher-interface;1.3.1!launcher-interface.jar (1025ms)[0m
2022.06.20 19:49:07 ERROR downloading https://repo1.maven.org/maven2/io/get-coursier/lm-coursier-shaded_2.12/2.0.8/lm-coursier-shaded_2.12-2.0.8.jar ...[0m
2022.06.20 19:49:07 ERROR 	[SUCCESSFUL ] org.scala-sbt#util-logging_2.12;1.5.2!util-logging_2.12.jar (1996ms)[0m
2022.06.20 19:49:07 ERROR downloading https://repo1.maven.org/maven2/org/apache/logging/log4j/log4j-api/2.11.2/log4j-api-2.11.2.jar ...[0m
2022.06.20 19:49:08 ERROR 	[SUCCESSFUL ] org.scala-sbt#main-settings_2.12;1.5.2!main-settings_2.12.jar (7760ms)[0m
2022.06.20 19:49:08 ERROR downloading https://repo1.maven.org/maven2/org/apache/logging/log4j/log4j-core/2.11.2/log4j-core-2.11.2.jar ...[0m
2022.06.20 19:49:08 ERROR 	[SUCCESSFUL ] org.scala-sbt#command_2.12;1.5.2!command_2.12.jar (6611ms)[0m
2022.06.20 19:49:08 ERROR downloading https://repo1.maven.org/maven2/org/apache/logging/log4j/log4j-slf4j-impl/2.11.2/log4j-slf4j-impl-2.11.2.jar ...[0m
2022.06.20 19:49:09 ERROR 	[SUCCESSFUL ] org.apache.logging.log4j#log4j-api;2.11.2!log4j-api.jar (1298ms)[0m
2022.06.20 19:49:09 ERROR downloading https://repo1.maven.org/maven2/org/scala-sbt/librarymanagement-core_2.12/1.5.0/librarymanagement-core_2.12-1.5.0.jar ...[0m
2022.06.20 19:49:09 ERROR 	[SUCCESSFUL ] com.github.ben-manes.caffeine#caffeine;2.8.5!caffeine.jar (3169ms)[0m
2022.06.20 19:49:09 ERROR downloading https://repo1.maven.org/maven2/org/scala-sbt/librarymanagement-ivy_2.12/1.5.0/librarymanagement-ivy_2.12-1.5.0.jar ...[0m
2022.06.20 19:49:09 ERROR 	[SUCCESSFUL ] org.apache.logging.log4j#log4j-slf4j-impl;2.11.2!log4j-slf4j-impl.jar (1012ms)[0m
2022.06.20 19:49:09 ERROR downloading https://repo1.maven.org/maven2/org/scala-sbt/compiler-interface/1.5.3/compiler-interface-1.5.3.jar ...[0m
2022.06.20 19:49:10 ERROR 	[SUCCESSFUL ] org.scala-sbt#main_2.12;1.5.2!main_2.12.jar (10185ms)[0m
2022.06.20 19:49:10 ERROR downloading https://repo1.maven.org/maven2/org/scala-sbt/zinc-compile_2.12/1.5.3/zinc-compile_2.12-1.5.3.jar ...[0m
2022.06.20 19:49:10 ERROR 	[SUCCESSFUL ] org.scala-sbt#compiler-interface;1.5.3!compiler-interface.jar (1417ms)[0m
2022.06.20 19:49:10 ERROR downloading https://repo1.maven.org/maven2/org/scala-sbt/util-relation_2.12/1.5.2/util-relation_2.12-1.5.2.jar ...[0m
2022.06.20 19:49:10 ERROR 	[SUCCESSFUL ] org.scala-sbt#librarymanagement-core_2.12;1.5.0!librarymanagement-core_2.12.jar (2006ms)[0m
2022.06.20 19:49:10 ERROR downloading https://repo1.maven.org/maven2/org/scala-sbt/util-position_2.12/1.5.2/util-position_2.12-1.5.2.jar ...[0m
2022.06.20 19:49:10 ERROR 	[SUCCESSFUL ] org.scala-sbt#zinc-compile_2.12;1.5.3!zinc-compile_2.12.jar (948ms)[0m
2022.06.20 19:49:10 ERROR downloading https://repo1.maven.org/maven2/com/eed3si9n/sjson-new-scalajson_2.12/0.9.1/sjson-new-scalajson_2.12-0.9.1.jar ...[0m
2022.06.20 19:49:11 ERROR 	[SUCCESSFUL ] org.scala-sbt#librarymanagement-ivy_2.12;1.5.0!librarymanagement-ivy_2.12.jar (2147ms)[0m
2022.06.20 19:49:11 ERROR downloading https://repo1.maven.org/maven2/org/scala-lang/scala-reflect/2.12.13/scala-reflect-2.12.13.jar ...[0m
2022.06.20 19:49:11 ERROR 	[SUCCESSFUL ] org.scala-lang.modules#scala-xml_2.12;1.3.0!scala-xml_2.12.jar(bundle) (6009ms)[0m
2022.06.20 19:49:11 ERROR downloading https://repo1.maven.org/maven2/com/eed3si9n/sjson-new-core_2.12/0.9.1/sjson-new-core_2.12-0.9.1.jar ...[0m
2022.06.20 19:49:11 ERROR 	[SUCCESSFUL ] org.scala-sbt#util-relation_2.12;1.5.2!util-relation_2.12.jar (970ms)[0m
2022.06.20 19:49:11 ERROR downloading https://repo1.maven.org/maven2/com/eed3si9n/shaded-jawn-parser_2.12/0.9.1/shaded-jawn-parser_2.12-0.9.1.jar ...[0m
2022.06.20 19:49:11 ERROR 	[SUCCESSFUL ] org.scala-sbt#util-position_2.12;1.5.2!util-position_2.12.jar (929ms)[0m
2022.06.20 19:49:11 ERROR downloading https://repo1.maven.org/maven2/com/eed3si9n/shaded-scalajson_2.12/1.0.0-M4/shaded-scalajson_2.12-1.0.0-M4.jar ...[0m
2022.06.20 19:49:11 ERROR 	[SUCCESSFUL ] com.eed3si9n#sjson-new-scalajson_2.12;0.9.1!sjson-new-scalajson_2.12.jar (994ms)[0m
2022.06.20 19:49:11 ERROR downloading https://repo1.maven.org/maven2/org/scala-sbt/completion_2.12/1.5.2/completion_2.12-1.5.2.jar ...[0m
2022.06.20 19:49:13 ERROR 	[SUCCESSFUL ] com.eed3si9n#shaded-scalajson_2.12;1.0.0-M4!shaded-scalajson_2.12.jar (983ms)[0m
2022.06.20 19:49:13 ERROR downloading https://repo1.maven.org/maven2/org/scala-sbt/task-system_2.12/1.5.2/task-system_2.12-1.5.2.jar ...[0m
2022.06.20 19:49:13 ERROR 	[SUCCESSFUL ] com.eed3si9n#shaded-jawn-parser_2.12;0.9.1!shaded-jawn-parser_2.12.jar (1294ms)[0m
2022.06.20 19:49:13 ERROR downloading https://repo1.maven.org/maven2/org/scala-sbt/tasks_2.12/1.5.2/tasks_2.12-1.5.2.jar ...[0m
2022.06.20 19:49:13 ERROR 	[SUCCESSFUL ] org.scala-sbt#completion_2.12;1.5.2!completion_2.12.jar (1461ms)[0m
2022.06.20 19:49:13 ERROR downloading https://repo1.maven.org/maven2/org/scala-sbt/testing_2.12/1.5.2/testing_2.12-1.5.2.jar ...[0m
2022.06.20 19:49:14 ERROR 	[SUCCESSFUL ] org.scala-sbt#task-system_2.12;1.5.2!task-system_2.12.jar (1040ms)[0m
2022.06.20 19:49:14 ERROR downloading https://repo1.maven.org/maven2/org/scala-sbt/util-tracking_2.12/1.5.2/util-tracking_2.12-1.5.2.jar ...[0m
2022.06.20 19:49:14 ERROR 	[SUCCESSFUL ] org.scala-sbt#tasks_2.12;1.5.2!tasks_2.12.jar (1289ms)[0m
2022.06.20 19:49:14 ERROR downloading https://repo1.maven.org/maven2/org/jline/jline-terminal/3.19.0/jline-terminal-3.19.0.jar ...[0m
2022.06.20 19:49:14 ERROR 	[SUCCESSFUL ] org.scala-sbt#testing_2.12;1.5.2!testing_2.12.jar (1292ms)[0m
2022.06.20 19:49:14 ERROR downloading https://repo1.maven.org/maven2/org/scala-sbt/zinc-classpath_2.12/1.5.3/zinc-classpath_2.12-1.5.3.jar ...[0m
2022.06.20 19:49:14 ERROR 	[SUCCESSFUL ] org.apache.logging.log4j#log4j-core;2.11.2!log4j-core.jar (7117ms)[0m
2022.06.20 19:49:15 ERROR downloading https://repo1.maven.org/maven2/org/scala-sbt/zinc-apiinfo_2.12/1.5.3/zinc-apiinfo_2.12-1.5.3.jar ...[0m
2022.06.20 19:49:15 ERROR 	[SUCCESSFUL ] org.scala-sbt#util-tracking_2.12;1.5.2!util-tracking_2.12.jar (1036ms)[0m
2022.06.20 19:49:15 ERROR downloading https://repo1.maven.org/maven2/org/scala-sbt/zinc_2.12/1.5.3/zinc_2.12-1.5.3.jar ...[0m
2022.06.20 19:49:16 ERROR 	[SUCCESSFUL ] org.scala-sbt#zinc-classpath_2.12;1.5.3!zinc-classpath_2.12.jar (1470ms)[0m
2022.06.20 19:49:16 ERROR 	[SUCCESSFUL ] org.scala-sbt#zinc_2.12;1.5.3!zinc_2.12.jar (1422ms)[0m
2022.06.20 19:49:16 ERROR downloading https://repo1.maven.org/maven2/org/scala-sbt/util-control_2.12/1.5.2/util-control_2.12-1.5.2.jar ...[0m
2022.06.20 19:49:16 ERROR downloading https://repo1.maven.org/maven2/org/scala-sbt/jline/jline/2.14.7-sbt-a1b0ffbb8f64bb820f4f84a0c07a0c0964507493/jline-2.14.7-sbt-a1b0ffbb8f64bb820f4f84a0c07a0c0964507493.jar ...[0m
2022.06.20 19:49:16 ERROR 	[SUCCESSFUL ] org.scala-sbt#zinc-apiinfo_2.12;1.5.3!zinc-apiinfo_2.12.jar (1683ms)[0m
2022.06.20 19:49:16 ERROR downloading https://repo1.maven.org/maven2/org/jline/jline-reader/3.19.0/jline-reader-3.19.0.jar ...[0m
2022.06.20 19:49:16 ERROR 	[SUCCESSFUL ] org.jline#jline-terminal;3.19.0!jline-terminal.jar (2395ms)[0m
2022.06.20 19:49:16 ERROR downloading https://repo1.maven.org/maven2/org/jline/jline-builtins/3.19.0/jline-builtins-3.19.0.jar ...[0m
2022.06.20 19:49:16 ERROR 	[SUCCESSFUL ] org.scala-lang#scala-library;2.12.13!scala-library.jar (17180ms)[0m
2022.06.20 19:49:16 ERROR downloading https://repo1.maven.org/maven2/org/scala-sbt/util-interface/1.5.2/util-interface-1.5.2.jar ...[0m
2022.06.20 19:49:16 ERROR 	[SUCCESSFUL ] org.scala-sbt#util-control_2.12;1.5.2!util-control_2.12.jar (923ms)[0m
2022.06.20 19:49:16 ERROR downloading https://repo1.maven.org/maven2/org/scala-sbt/core-macros_2.12/1.5.2/core-macros_2.12-1.5.2.jar ...[0m
2022.06.20 19:49:18 ERROR 	[SUCCESSFUL ] org.scala-sbt.jline#jline;2.14.7-sbt-a1b0ffbb8f64bb820f4f84a0c07a0c0964507493!jline.jar (1203ms)[0m
2022.06.20 19:49:18 ERROR downloading https://repo1.maven.org/maven2/org/jline/jline-terminal-jna/3.19.0/jline-terminal-jna-3.19.0.jar ...[0m
2022.06.20 19:49:18 ERROR 	[SUCCESSFUL ] org.scala-sbt#util-interface;1.5.2!util-interface.jar (965ms)[0m
2022.06.20 19:49:18 ERROR downloading https://repo1.maven.org/maven2/org/jline/jline-terminal-jansi/3.19.0/jline-terminal-jansi-3.19.0.jar ...[0m
2022.06.20 19:49:18 ERROR 	[SUCCESSFUL ] org.jline#jline-reader;3.19.0!jline-reader.jar (1594ms)[0m
2022.06.20 19:49:18 ERROR downloading https://repo1.maven.org/maven2/com/lmax/disruptor/3.4.2/disruptor-3.4.2.jar ...[0m
2022.06.20 19:49:18 ERROR 	[SUCCESSFUL ] org.jline#jline-builtins;3.19.0!jline-builtins.jar (1339ms)[0m
2022.06.20 19:49:18 ERROR downloading https://repo1.maven.org/maven2/org/scala-lang/scala-compiler/2.12.13/scala-compiler-2.12.13.jar ...[0m
2022.06.20 19:49:18 ERROR 	[SUCCESSFUL ] org.scala-sbt#core-macros_2.12;1.5.2!core-macros_2.12.jar (983ms)[0m
2022.06.20 19:49:18 ERROR downloading https://repo1.maven.org/maven2/org/fusesource/jansi/jansi/2.1.0/jansi-2.1.0.jar ...[0m
2022.06.20 19:49:18 ERROR 	[SUCCESSFUL ] org.scala-lang#scala-reflect;2.12.13!scala-reflect.jar (7062ms)[0m
2022.06.20 19:49:18 ERROR downloading https://repo1.maven.org/maven2/com/swoval/file-tree-views/2.1.6/file-tree-views-2.1.6.jar ...[0m
2022.06.20 19:49:19 ERROR 	[SUCCESSFUL ] org.jline#jline-terminal-jna;3.19.0!jline-terminal-jna.jar (1015ms)[0m
2022.06.20 19:49:19 ERROR downloading https://repo1.maven.org/maven2/net/java/dev/jna/jna/5.5.0/jna-5.5.0.jar ...[0m
2022.06.20 19:49:19 ERROR 	[SUCCESSFUL ] org.jline#jline-terminal-jansi;3.19.0!jline-terminal-jansi.jar (987ms)[0m
2022.06.20 19:49:19 ERROR downloading https://repo1.maven.org/maven2/net/java/dev/jna/jna-platform/5.5.0/jna-platform-5.5.0.jar ...[0m
2022.06.20 19:49:19 ERROR 	[SUCCESSFUL ] com.lmax#disruptor;3.4.2!disruptor.jar (1234ms)[0m
2022.06.20 19:49:19 ERROR downloading https://repo1.maven.org/maven2/org/jline/jline-style/3.19.0/jline-style-3.19.0.jar ...[0m
2022.06.20 19:49:19 ERROR 	[SUCCESSFUL ] org.fusesource.jansi#jansi;2.1.0!jansi.jar (1252ms)[0m
2022.06.20 19:49:19 ERROR downloading https://repo1.maven.org/maven2/org/scala-sbt/util-cache_2.12/1.5.2/util-cache_2.12-1.5.2.jar ...[0m
2022.06.20 19:49:20 ERROR 	[SUCCESSFUL ] com.swoval#file-tree-views;2.1.6!file-tree-views.jar (1246ms)[0m
2022.06.20 19:49:20 ERROR downloading https://repo1.maven.org/maven2/com/eed3si9n/sjson-new-murmurhash_2.12/0.9.1/sjson-new-murmurhash_2.12-0.9.1.jar ...[0m
2022.06.20 19:49:20 ERROR 	[SUCCESSFUL ] org.jline#jline-style;3.19.0!jline-style.jar (1089ms)[0m
2022.06.20 19:49:20 ERROR downloading https://repo1.maven.org/maven2/org/scala-sbt/test-agent/1.5.2/test-agent-1.5.2.jar ...[0m
2022.06.20 19:49:20 ERROR 	[SUCCESSFUL ] com.eed3si9n#sjson-new-murmurhash_2.12;0.9.1!sjson-new-murmurhash_2.12.jar (870ms)[0m
2022.06.20 19:49:20 ERROR downloading https://repo1.maven.org/maven2/org/scala-sbt/test-interface/1.0/test-interface-1.0.jar ...[0m
2022.06.20 19:49:20 ERROR 	[SUCCESSFUL ] org.scala-sbt#util-cache_2.12;1.5.2!util-cache_2.12.jar (1210ms)[0m
2022.06.20 19:49:20 ERROR downloading https://repo1.maven.org/maven2/org/scala-sbt/compiler-bridge_2.12/1.5.3/compiler-bridge_2.12-1.5.3.jar ...[0m
2022.06.20 19:49:22 ERROR 	[SUCCESSFUL ] org.scala-sbt#test-agent;1.5.2!test-agent.jar (1009ms)[0m
2022.06.20 19:49:22 ERROR downloading https://repo1.maven.org/maven2/org/scala-sbt/zinc-classfile_2.12/1.5.3/zinc-classfile_2.12-1.5.3.jar ...[0m
2022.06.20 19:49:22 ERROR 	[SUCCESSFUL ] org.scala-sbt#test-interface;1.0!test-interface.jar (882ms)[0m
2022.06.20 19:49:22 ERROR downloading https://repo1.maven.org/maven2/com/jcraft/jsch/0.1.54/jsch-0.1.54.jar ...[0m
2022.06.20 19:49:22 ERROR 	[SUCCESSFUL ] net.java.dev.jna#jna-platform;5.5.0!jna-platform.jar (2428ms)[0m
2022.06.20 19:49:22 ERROR downloading https://repo1.maven.org/maven2/com/eed3si9n/gigahorse-okhttp_2.12/0.5.0/gigahorse-okhttp_2.12-0.5.0.jar ...[0m
2022.06.20 19:49:22 ERROR 	[SUCCESSFUL ] org.scala-sbt#compiler-bridge_2.12;1.5.3!compiler-bridge_2.12.jar (1163ms)[0m
2022.06.20 19:49:22 ERROR downloading https://repo1.maven.org/maven2/com/squareup/okhttp3/okhttp-urlconnection/3.7.0/okhttp-urlconnection-3.7.0.jar ...[0m
2022.06.20 19:49:22 ERROR 	[SUCCESSFUL ] com.eed3si9n#sjson-new-core_2.12;0.9.1!sjson-new-core_2.12.jar (10321ms)[0m
2022.06.20 19:49:22 ERROR downloading https://repo1.maven.org/maven2/com/eed3si9n/gigahorse-core_2.12/0.5.0/gigahorse-core_2.12-0.5.0.jar ...[0m
2022.06.20 19:49:23 ERROR 	[SUCCESSFUL ] com.eed3si9n#gigahorse-okhttp_2.12;0.5.0!gigahorse-okhttp_2.12.jar (1032ms)[0m
2022.06.20 19:49:23 ERROR downloading https://repo1.maven.org/maven2/com/squareup/okhttp3/okhttp/3.14.2/okhttp-3.14.2.jar ...[0m
2022.06.20 19:49:23 ERROR 	[SUCCESSFUL ] com.jcraft#jsch;0.1.54!jsch.jar (1141ms)[0m
2022.06.20 19:49:23 ERROR downloading https://repo1.maven.org/maven2/com/typesafe/ssl-config-core_2.12/0.4.0/ssl-config-core_2.12-0.4.0.jar ...[0m
2022.06.20 19:49:23 ERROR 	[SUCCESSFUL ] org.scala-sbt#zinc-classfile_2.12;1.5.3!zinc-classfile_2.12.jar (1242ms)[0m
2022.06.20 19:49:23 ERROR downloading https://repo1.maven.org/maven2/org/reactivestreams/reactive-streams/1.0.2/reactive-streams-1.0.2.jar ...[0m
2022.06.20 19:49:23 ERROR 	[SUCCESSFUL ] com.squareup.okhttp3#okhttp-urlconnection;3.7.0!okhttp-urlconnection.jar (934ms)[0m
2022.06.20 19:49:23 ERROR downloading https://repo1.maven.org/maven2/org/slf4j/slf4j-api/1.7.26/slf4j-api-1.7.26.jar ...[0m
2022.06.20 19:49:23 ERROR 	[SUCCESSFUL ] net.java.dev.jna#jna;5.5.0!jna.jar (4483ms)[0m
2022.06.20 19:49:23 ERROR downloading https://repo1.maven.org/maven2/org/scala-lang/modules/scala-parser-combinators_2.12/1.1.2/scala-parser-combinators_2.12-1.1.2.jar ...[0m
2022.06.20 19:49:24 ERROR 	[SUCCESSFUL ] org.reactivestreams#reactive-streams;1.0.2!reactive-streams.jar (939ms)[0m
2022.06.20 19:49:24 ERROR downloading https://repo1.maven.org/maven2/com/typesafe/config/1.3.3/config-1.3.3.jar ...[0m
2022.06.20 19:49:24 ERROR 	[SUCCESSFUL ] com.squareup.okhttp3#okhttp;3.14.2!okhttp.jar (1120ms)[0m
2022.06.20 19:49:24 ERROR downloading https://repo1.maven.org/maven2/com/squareup/okio/okio/1.17.2/okio-1.17.2.jar ...[0m
2022.06.20 19:49:24 ERROR 	[SUCCESSFUL ] com.typesafe#ssl-config-core_2.12;0.4.0!ssl-config-core_2.12.jar(bundle) (1127ms)[0m
2022.06.20 19:49:24 ERROR downloading https://repo1.maven.org/maven2/org/scala-sbt/zinc-core_2.12/1.5.3/zinc-core_2.12-1.5.3.jar ...[0m
2022.06.20 19:49:24 ERROR 	[SUCCESSFUL ] org.slf4j#slf4j-api;1.7.26!slf4j-api.jar (987ms)[0m
2022.06.20 19:49:24 ERROR downloading https://repo1.maven.org/maven2/org/scala-sbt/zinc-persist_2.12/1.5.3/zinc-persist_2.12-1.5.3.jar ...[0m
2022.06.20 19:49:24 ERROR 	[SUCCESSFUL ] org.scala-lang.modules#scala-parser-combinators_2.12;1.1.2!scala-parser-combinators_2.12.jar(bundle) (1317ms)[0m
2022.06.20 19:49:24 ERROR downloading https://repo1.maven.org/maven2/org/scala-sbt/zinc-compile-core_2.12/1.5.3/zinc-compile-core_2.12-1.5.3.jar ...[0m
2022.06.20 19:49:24 ERROR 	[SUCCESSFUL ] com.eed3si9n#gigahorse-core_2.12;0.5.0!gigahorse-core_2.12.jar (2345ms)[0m
2022.06.20 19:49:24 ERROR downloading https://repo1.maven.org/maven2/org/scala-sbt/zinc-persist-core-assembly/1.5.3/zinc-persist-core-assembly-1.5.3.jar ...[0m
2022.06.20 19:49:25 ERROR 	[SUCCESSFUL ] com.squareup.okio#okio;1.17.2!okio.jar (1030ms)[0m
2022.06.20 19:49:25 ERROR downloading https://repo1.maven.org/maven2/net/openhft/zero-allocation-hashing/0.10.1/zero-allocation-hashing-0.10.1.jar ...[0m
2022.06.20 19:49:25 ERROR 	[SUCCESSFUL ] org.scala-sbt#zinc-persist_2.12;1.5.3!zinc-persist_2.12.jar (1161ms)[0m
2022.06.20 19:49:25 ERROR downloading https://repo1.maven.org/maven2/org/scala-sbt/sbinary_2.12/0.5.1/sbinary_2.12-0.5.1.jar ...[0m
2022.06.20 19:49:25 ERROR 	[SUCCESSFUL ] org.scala-sbt#zinc-core_2.12;1.5.3!zinc-core_2.12.jar (1220ms)[0m
2022.06.20 19:49:25 ERROR downloading https://repo1.maven.org/maven2/org/scala-sbt/protocol_2.12/1.5.2/protocol_2.12-1.5.2.jar ...[0m
2022.06.20 19:49:26 ERROR 	[SUCCESSFUL ] net.openhft#zero-allocation-hashing;0.10.1!zero-allocation-hashing.jar(bundle) (1001ms)[0m
2022.06.20 19:49:26 ERROR 	[SUCCESSFUL ] com.typesafe#config;1.3.3!config.jar(bundle) (2060ms)[0m
2022.06.20 19:49:26 ERROR downloading https://repo1.maven.org/maven2/org/scala-sbt/ipcsocket/ipcsocket/1.3.0/ipcsocket-1.3.0.jar ...[0m
2022.06.20 19:49:26 ERROR downloading https://repo1.maven.org/maven2/org/scala-sbt/template-resolver/0.1/template-resolver-0.1.jar ...[0m
2022.06.20 19:49:26 ERROR 	[SUCCESSFUL ] org.scala-sbt#sbinary_2.12;0.5.1!sbinary_2.12.jar (1052ms)[0m
2022.06.20 19:49:26 ERROR downloading https://repo1.maven.org/maven2/org/checkerframework/checker-qual/3.4.1/checker-qual-3.4.1.jar ...[0m
2022.06.20 19:49:26 ERROR 	[SUCCESSFUL ] org.scala-sbt#zinc-compile-core_2.12;1.5.3!zinc-compile-core_2.12.jar (1882ms)[0m
2022.06.20 19:49:26 ERROR downloading https://repo1.maven.org/maven2/com/google/errorprone/error_prone_annotations/2.4.0/error_prone_annotations-2.4.0.jar ...[0m
2022.06.20 19:49:26 ERROR 	[SUCCESSFUL ] org.scala-sbt#protocol_2.12;1.5.2!protocol_2.12.jar (1573ms)[0m
2022.06.20 19:49:26 ERROR downloading https://repo1.maven.org/maven2/org/scala-lang/modules/scala-collection-compat_2.12/2.4.2/scala-collection-compat_2.12-2.4.2.jar ...[0m
2022.06.20 19:49:26 ERROR 	[SUCCESSFUL ] org.scala-sbt#template-resolver;0.1!template-resolver.jar (963ms)[0m
2022.06.20 19:49:26 ERROR downloading https://repo1.maven.org/maven2/org/scala-sbt/ivy/ivy/2.3.0-sbt-fbc4f586aeeb1591710b14eb4f41b94880dcd745/ivy-2.3.0-sbt-fbc4f586aeeb1591710b14eb4f41b94880dcd745.jar ...[0m
2022.06.20 19:49:27 ERROR 	[SUCCESSFUL ] org.scala-lang#scala-compiler;2.12.13!scala-compiler.jar (8690ms)[0m
2022.06.20 19:49:27 ERROR 	[SUCCESSFUL ] io.get-coursier#lm-coursier-shaded_2.12;2.0.8!lm-coursier-shaded_2.12.jar (20257ms)[0m
2022.06.20 19:49:27 ERROR 	[SUCCESSFUL ] org.scala-sbt.ipcsocket#ipcsocket;1.3.0!ipcsocket.jar (1287ms)[0m
2022.06.20 19:49:27 ERROR 	[SUCCESSFUL ] org.checkerframework#checker-qual;3.4.1!checker-qual.jar (1052ms)[0m
2022.06.20 19:49:27 ERROR 	[SUCCESSFUL ] com.google.errorprone#error_prone_annotations;2.4.0!error_prone_annotations.jar (919ms)[0m
2022.06.20 19:49:27 ERROR 	[SUCCESSFUL ] org.scala-lang.modules#scala-collection-compat_2.12;2.4.2!scala-collection-compat_2.12.jar (1003ms)[0m
2022.06.20 19:49:28 ERROR 	[SUCCESSFUL ] org.scala-sbt.ivy#ivy;2.3.0-sbt-fbc4f586aeeb1591710b14eb4f41b94880dcd745!ivy.jar (1307ms)[0m
2022.06.20 19:49:55 ERROR 	[SUCCESSFUL ] org.scala-sbt#zinc-persist-core-assembly;1.5.3!zinc-persist-core-assembly.jar (30143ms)[0m
2022.06.20 19:49:55 ERROR :: retrieving :: org.scala-sbt#boot-app[0m
2022.06.20 19:49:55 ERROR 	confs: [default][0m
2022.06.20 19:49:58 ERROR 	83 artifacts copied, 0 already retrieved[0m
2022.06.20 19:49:58 ERROR [info] [launcher] getting Scala 2.12.13 (for sbt)...[0m
2022.06.20 19:50:18 ERROR downloading https://repo1.maven.org/maven2/org/fusesource/jansi/jansi/1.12/jansi-1.12.jar ...[0m
2022.06.20 19:50:18 ERROR downloading https://repo1.maven.org/maven2/org/scala-lang/modules/scala-xml_2.12/1.0.6/scala-xml_2.12-1.0.6.jar ...[0m
2022.06.20 19:50:18 ERROR downloading https://repo1.maven.org/maven2/jline/jline/2.14.6/jline-2.14.6.jar ...[0m
2022.06.20 19:50:20 ERROR 	[SUCCESSFUL ] org.fusesource.jansi#jansi;1.12!jansi.jar (2285ms)[0m
2022.06.20 19:50:20 ERROR 	[SUCCESSFUL ] jline#jline;2.14.6!jline.jar (2966ms)[0m
2022.06.20 19:50:20 ERROR 	[SUCCESSFUL ] org.scala-lang.modules#scala-xml_2.12;1.0.6!scala-xml_2.12.jar(bundle) (3278ms)[0m
2022.06.20 19:50:20 ERROR :: retrieving :: org.scala-sbt#boot-scala[0m
2022.06.20 19:50:21 ERROR 	confs: [default][0m
2022.06.20 19:50:23 ERROR 	6 artifacts copied, 0 already retrieved[0m
2022.06.20 19:50:37 INFO  time: ran 'sbt bloopInstall' in 6m10s[0m
2022.06.20 19:50:37 ERROR sbt command failed: /home/vavish/miniconda3/bin/java -Djline.terminal=jline.UnsupportedTerminal -Dsbt.log.noformat=true -Dfile.encoding=UTF-8 -jar /tmp/metals5265709076848974361/sbt-launch.jar -Dbloop.export-jar-classifiers=sources bloopInstall[0m
Jun 20, 2022 9:01:58 PM org.eclipse.lsp4j.jsonrpc.RemoteEndpoint handleCancellation
WARNING: Unmatched cancel notification for request id 13
Jun 20, 2022 9:02:20 PM org.eclipse.lsp4j.jsonrpc.RemoteEndpoint handleCancellation
WARNING: Unmatched cancel notification for request id 17
Jun 20, 2022 9:02:22 PM org.eclipse.lsp4j.jsonrpc.RemoteEndpoint handleCancellation
WARNING: Unmatched cancel notification for request id 19
2022.06.20 21:04:40 INFO  shutting down Metals[0m
2022.06.20 21:05:17 INFO  tracing is disabled for protocol LSP, to enable tracing of incoming and outgoing JSON messages create an empty file at /mnt/c/Users/pdcdi/Documents/Scala/scala-project/.metals/lsp.trace.json or /home/vavish/.cache/metals/lsp.trace.json[0m
2022.06.20 21:05:17 INFO  logging to file /mnt/c/Users/pdcdi/Documents/Scala/scala-project/.metals/metals.log[0m
2022.06.20 21:05:17 INFO  Started: Metals version 0.11.6 in workspace '/mnt/c/Users/pdcdi/Documents/Scala/scala-project' for client Visual Studio Code 1.68.1.[0m
2022.06.20 21:05:18 INFO  time: initialize in 0.72s[0m
2022.06.20 21:05:18 WARN  Flyway upgrade recommended: H2 2.1.212 is newer than this version of Flyway and support has not been tested. The latest supported version of H2 is 2.1.210.[0m
2022.06.20 21:05:18 WARN  Build server is not auto-connectable.[0m
2022.06.20 21:05:19 INFO  skipping build import with status 'Failed'[0m
2022.06.20 21:05:42 INFO  no build target found for /mnt/c/Users/pdcdi/Documents/Scala/scala-project/src/main/scala/example/example.worksheet.sc. Using presentation compiler with project's scala-library version: 3.1.2[0m
2022.06.20 21:05:55 INFO  time: code lens generation in 19s[0m
2022.06.20 21:06:05 INFO  no build target found for /mnt/c/Users/pdcdi/Documents/Scala/scala-project/src/main/scala/example/example.worksheet.sc. Using presentation compiler with project's scala-library version: 3.1.2[0m
2022.06.20 21:06:05 INFO  time: evaluated worksheet 'example.worksheet.sc' in 40s[0m
2022.06.20 21:18:11 INFO  shutting down Metals[0m
2022.06.20 21:25:38 INFO  tracing is disabled for protocol LSP, to enable tracing of incoming and outgoing JSON messages create an empty file at c:\Users\pdcdi\Documents\Scala\scala-project\.metals\lsp.trace.json or C:\Users\pdcdi\AppData\Local\scalameta\metals\cache\lsp.trace.json
2022.06.20 21:25:40 INFO  logging to file C:\Users\pdcdi\Documents\Scala\scala-project\.metals\metals.log
2022.06.20 21:25:40 INFO  Started: Metals version 0.11.6 in workspace 'C:\Users\pdcdi\Documents\Scala\scala-project' for client Visual Studio Code 1.68.1.
2022.06.20 21:25:40 WARN  Can't instantiate JavaInteractiveSemanticdb (version: Some(JdkVersion(8)), jdkHome: C:\Program Files\Java\jre1.8.0_333, javac exists: false)
2022.06.20 21:25:40 INFO  time: initialize in 0.23s
2022.06.20 21:25:40 WARN  Flyway upgrade recommended: H2 2.1.212 is newer than this version of Flyway and support has not been tested. The latest supported version of H2 is 2.1.210.
2022.06.20 21:25:41 WARN  Build server is not auto-connectable.
2022.06.21 11:11:07 INFO  shutting down Metals
