[0m[[0m[0mdebug[0m] [0m[0m> Exec(console, Some(adc6bc92-9a2b-4141-9c75-4c52654ea71f), Some(CommandSource(console0)))[0m
[0m[[0m[0mdebug[0m] [0m[0mEvaluating tasks: Compile / console[0m
[0m[[0m[0mdebug[0m] [0m[0mRunning task... Cancel: Signal, check cycles: false, forcegc: true[0m
[0m[[0m[0minfo[0m] [0m[0mStarting scala interpreter...[0m
[0m[[0m[31merror[0m] [0m[0mjava.io.FileNotFoundException: C:\Users\pdcdi\.scala_history (Access is denied)[0m
[0m[[0m[31merror[0m] [0m[0m	at java.io.FileOutputStream.open0(Native Method)[0m
[0m[[0m[31merror[0m] [0m[0m	at java.io.FileOutputStream.open(Unknown Source)[0m
[0m[[0m[31merror[0m] [0m[0m	at java.io.FileOutputStream.<init>(Unknown Source)[0m
[0m[[0m[31merror[0m] [0m[0m	at scala.reflect.io.File.outputStream(File.scala:66)[0m
[0m[[0m[31merror[0m] [0m[0m	at scala.reflect.io.File.writer(File.scala:74)[0m
[0m[[0m[31merror[0m] [0m[0m	at scala.reflect.io.File.bufferedWriter(File.scala:81)[0m
[0m[[0m[31merror[0m] [0m[0m	at scala.reflect.io.File.bufferedWriter(File.scala:79)[0m
[0m[[0m[31merror[0m] [0m[0m	at scala.reflect.io.File.appendAll(File.scala:93)[0m
[0m[[0m[31merror[0m] [0m[0m	at scala.tools.nsc.interpreter.jline.FileBackedHistory.append(FileBackedHistory.scala:75)[0m
[0m[[0m[31merror[0m] [0m[0m	at scala.tools.nsc.interpreter.jline.FileBackedHistory.append$(FileBackedHistory.scala:74)[0m
[0m[[0m[31merror[0m] [0m[0m	at scala.tools.nsc.interpreter.jline.JLineHistory$JLineFileHistory.append(JLineHistory.scala:57)[0m
[0m[[0m[31merror[0m] [0m[0m	at scala.tools.nsc.interpreter.jline.FileBackedHistory.addLineToFile(FileBackedHistory.scala:64)[0m
[0m[[0m[31merror[0m] [0m[0m	at scala.tools.nsc.interpreter.jline.FileBackedHistory.addLineToFile$(FileBackedHistory.scala:62)[0m
[0m[[0m[31merror[0m] [0m[0m	at scala.tools.nsc.interpreter.jline.JLineHistory$JLineFileHistory.addLineToFile(JLineHistory.scala:57)[0m
[0m[[0m[31merror[0m] [0m[0m	at scala.tools.nsc.interpreter.jline.JLineHistory$JLineFileHistory.add(JLineHistory.scala:63)[0m
[0m[[0m[31merror[0m] [0m[0m	at jline.console.ConsoleReader.finishBuffer(ConsoleReader.java:762)[0m
[0m[[0m[31merror[0m] [0m[0m	at jline.console.ConsoleReader.accept(ConsoleReader.java:2054)[0m
[0m[[0m[31merror[0m] [0m[0m	at jline.console.ConsoleReader.readLine(ConsoleReader.java:2727)[0m
[0m[[0m[31merror[0m] [0m[0m	at jline.console.ConsoleReader.readLine(ConsoleReader.java:2407)[0m
[0m[[0m[31merror[0m] [0m[0m	at jline.console.ConsoleReader.readLine(ConsoleReader.java:2395)[0m
[0m[[0m[31merror[0m] [0m[0m	at scala.tools.nsc.interpreter.jline.InteractiveReader.readOneLine(JLineReader.scala:63)[0m
[0m[[0m[31merror[0m] [0m[0m	at scala.tools.nsc.interpreter.InteractiveReader.readLine(InteractiveReader.scala:45)[0m
[0m[[0m[31merror[0m] [0m[0m	at scala.tools.nsc.interpreter.InteractiveReader.readLine$(InteractiveReader.scala:42)[0m
[0m[[0m[31merror[0m] [0m[0m	at scala.tools.nsc.interpreter.jline.InteractiveReader.readLine(JLineReader.scala:31)[0m
[0m[[0m[31merror[0m] [0m[0m	at scala.tools.nsc.interpreter.ILoop.readOneLine(ILoop.scala:444)[0m
[0m[[0m[31merror[0m] [0m[0m	at scala.tools.nsc.interpreter.ILoop.loop(ILoop.scala:456)[0m
[0m[[0m[31merror[0m] [0m[0m	at scala.tools.nsc.interpreter.ILoop.process(ILoop.scala:1048)[0m
[0m[[0m[31merror[0m] [0m[0m	at xsbt.ConsoleBridge.run(ConsoleBridge.scala:75)[0m
[0m[[0m[31merror[0m] [0m[0m	at sbt.internal.inc.AnalyzingCompiler.console(AnalyzingCompiler.scala:208)[0m
[0m[[0m[31merror[0m] [0m[0m	at sbt.Console.console0$1(Console.scala:64)[0m
[0m[[0m[31merror[0m] [0m[0m	at sbt.Console.$anonfun$apply$5(Console.scala:74)[0m
[0m[[0m[31merror[0m] [0m[0m	at sbt.Run$.executeSuccess(Run.scala:186)[0m
[0m[[0m[31merror[0m] [0m[0m	at sbt.Console.$anonfun$apply$4(Console.scala:74)[0m
[0m[[0m[31merror[0m] [0m[0m	at sbt.internal.util.Terminal.withRawInput(Terminal.scala:145)[0m
[0m[[0m[31merror[0m] [0m[0m	at sbt.internal.util.Terminal.withRawInput$(Terminal.scala:143)[0m
[0m[[0m[31merror[0m] [0m[0m	at sbt.internal.util.Terminal$ProxyTerminal$.withRawInput(Terminal.scala:384)[0m
[0m[[0m[31merror[0m] [0m[0m	at sbt.Console.$anonfun$apply$3(Console.scala:74)[0m
[0m[[0m[31merror[0m] [0m[0m	at sbt.internal.util.Terminal$TerminalImpl.withRawOutput(Terminal.scala:975)[0m
[0m[[0m[31merror[0m] [0m[0m	at sbt.internal.util.Terminal$ProxyTerminal$.withRawOutput(Terminal.scala:423)[0m
[0m[[0m[31merror[0m] [0m[0m	at sbt.Console.apply(Console.scala:71)[0m
[0m[[0m[31merror[0m] [0m[0m	at sbt.Console.apply(Console.scala:49)[0m
[0m[[0m[31merror[0m] [0m[0m	at sbt.Console.apply(Console.scala:41)[0m
[0m[[0m[31merror[0m] [0m[0m	at sbt.Defaults$.$anonfun$consoleTask$1(Defaults.scala:2232)[0m
[0m[[0m[31merror[0m] [0m[0m	at sbt.Defaults$.$anonfun$consoleTask$1$adapted(Defaults.scala:2218)[0m
[0m[[0m[31merror[0m] [0m[0m	at scala.Function1.$anonfun$compose$1(Function1.scala:49)[0m
[0m[[0m[31merror[0m] [0m[0m	at sbt.internal.util.$tilde$greater.$anonfun$$u2219$1(TypeFunctions.scala:62)[0m
[0m[[0m[31merror[0m] [0m[0m	at sbt.std.Transform$$anon$4.work(Transform.scala:68)[0m
[0m[[0m[31merror[0m] [0m[0m	at sbt.Execute.$anonfun$submit$2(Execute.scala:282)[0m
[0m[[0m[31merror[0m] [0m[0m	at sbt.internal.util.ErrorHandling$.wideConvert(ErrorHandling.scala:23)[0m
[0m[[0m[31merror[0m] [0m[0m	at sbt.Execute.work(Execute.scala:291)[0m
[0m[[0m[31merror[0m] [0m[0m	at sbt.Execute.$anonfun$submit$1(Execute.scala:282)[0m
[0m[[0m[31merror[0m] [0m[0m	at sbt.ConcurrentRestrictions$$anon$4.$anonfun$submitValid$1(ConcurrentRestrictions.scala:265)[0m
[0m[[0m[31merror[0m] [0m[0m	at sbt.CompletionService$$anon$2.call(CompletionService.scala:64)[0m
[0m[[0m[31merror[0m] [0m[0m	at java.util.concurrent.FutureTask.run(Unknown Source)[0m
[0m[[0m[31merror[0m] [0m[0m	at java.util.concurrent.Executors$RunnableAdapter.call(Unknown Source)[0m
[0m[[0m[31merror[0m] [0m[0m	at java.util.concurrent.FutureTask.run(Unknown Source)[0m
[0m[[0m[31merror[0m] [0m[0m	at java.util.concurrent.ThreadPoolExecutor.runWorker(Unknown Source)[0m
[0m[[0m[31merror[0m] [0m[0m	at java.util.concurrent.ThreadPoolExecutor$Worker.run(Unknown Source)[0m
[0m[[0m[31merror[0m] [0m[0m	at java.lang.Thread.run(Unknown Source)[0m
[0m[[0m[31merror[0m] [0m[0m(Compile / [31mconsole[0m) java.io.FileNotFoundException: C:\Users\pdcdi\.scala_history (Access is denied)[0m
[0m[[0m[31merror[0m] [0m[0mTotal time: 197 s (03:17), completed 24 Jun, 2022 5:01:50 PM[0m
[0m[[0m[0mdebug[0m] [0m[0m> Exec(shell, None, None)[0m
