[debug] > Exec(early(addDefaultCommands), None, None)
[debug] > Exec(addDefaultCommands, None, None)
[debug] > Exec(early(initialize), None, None)
[debug] > Exec(initialize, None, None)
[debug] > Exec(boot, None, None)
[debug] > Exec(writeSbtVersion, None, None)
[debug] > Exec(reload, None, None)
[debug] > Exec(sbtStashOnFailure, None, None)
[debug] > Exec(onFailure loadFailed, None, None)
[debug] > Exec(loadp, None, None)
[info] welcome to sbt 1.6.2 (Oracle Corporation Java 1.8.0_333)
[debug] Load.defaultLoad until apply took 2202.8144ms
[debug]                 Load.loadUnit: plugins took 214.0689ms
[debug]                 Load.loadUnit: defsScala took 0.588ms
[debug] [Loading] Scanning directory C:\Users\pdcdi\Documents\Scala\Notes\project\project
[debug]                   Load.loadUnit: mkEval took 13.7972ms
[debug] [Loading] Found non-root projects 
[debug] [Loading] Done in C:\Users\pdcdi\Documents\Scala\Notes\project\project, returning: ()
[debug] deducing auto plugins based on known facts Set(Atom(sbt.plugins.CorePlugin)) and clauses Clauses(Clause(Atom(sbt.plugins.JvmPlugin),Set(Atom(sbt.plugins.IvyPlugin)))
[debug] Clause(Atom(sbt.ScriptedPlugin),Set(Atom(sbt.plugins.JvmPlugin)))
[debug] Clause(Atom(sbt.plugins.SbtPlugin),Set(Atom(sbt.ScriptedPlugin)))
[debug] Clause(Atom(sbt.plugins.SemanticdbPlugin),Set(Atom(sbt.plugins.JvmPlugin)))
[debug] Clause(Atom(sbt.plugins.JUnitXmlReportPlugin),Set(Atom(sbt.plugins.JvmPlugin)))
[debug] Clause(Atom(sbt.plugins.MiniDependencyTreePlugin),Set(Atom(sbt.plugins.JvmPlugin)))
[debug] Clause(Atom(sbt.plugins.CorePlugin),Set(Atom(sbt.plugins.IvyPlugin)))
[debug] Clause(Atom(sbt.plugins.IvyPlugin),Set(Atom(sbt.plugins.JvmPlugin)))
[debug] Clause(Atom(sbt.plugins.JvmPlugin),Set(Atom(sbt.plugins.SemanticdbPlugin)))
[debug] Clause(Atom(sbt.plugins.JvmPlugin),Set(Atom(sbt.plugins.JUnitXmlReportPlugin)))
[debug] Clause(Atom(sbt.plugins.CorePlugin),Set(Atom(sbt.plugins.Giter8TemplatePlugin)))
[debug] Clause(Atom(sbt.plugins.JvmPlugin),Set(Atom(sbt.plugins.MiniDependencyTreePlugin))))
[debug]   :: deduced result: Matched(sbt.plugins.CorePlugin,sbt.plugins.Giter8TemplatePlugin,sbt.plugins.IvyPlugin,sbt.plugins.JvmPlugin,sbt.plugins.MiniDependencyTreePlugin,sbt.plugins.JUnitXmlReportPlugin,sbt.plugins.SemanticdbPlugin)
[debug] Plugins.deducer#function took 30.2336 ms
[info] loading settings for project notes-build-build from metals.sbt ...
[debug]                     Load.resolveProject(notes-build-build) took 80.4332ms
[debug]                   Load.loadTransitive: finalizeProject(Project(id notes-build-build, base: C:\Users\pdcdi\Documents\Scala\Notes\project\project, plugins: List(<none>))) took 157.8648ms
[debug] [Loading] Done in C:\Users\pdcdi\Documents\Scala\Notes\project\project, returning: (notes-build-build)
[debug]                 Load.loadUnit: loadedProjectsRaw took 613.1297ms
[debug]                 Load.loadUnit: cleanEvalClasses took 15.0441ms
[debug]               Load.loadUnit(file:/C:/Users/pdcdi/Documents/Scala/Notes/project/project/, ...) took 852.3298ms
[debug]             Load.apply: load took 1074.0859ms
[debug]             Load.apply: resolveProjects took 13.0279ms
[debug]             Load.apply: finalTransforms took 166.9439ms
[debug]             Load.apply: config.delegates took 49.2236ms
[debug]             Load.apply: Def.make(settings)... took 904.7603ms
[debug]             Load.apply: structureIndex took 400.8361ms
[debug]             Load.apply: mkStreams took 9.4732ms
[info] loading project definition from C:\Users\pdcdi\Documents\Scala\Notes\project\project
[debug] Running task... Cancel: Signal, check cycles: false, forcegc: true
[debug]           Load.loadUnit: plugins took 9440.0631ms
[debug]           Load.loadUnit: defsScala took 0.0047ms
[debug] [Loading] Scanning directory C:\Users\pdcdi\Documents\Scala\Notes\project
[debug]             Load.loadUnit: mkEval took 0.3954ms
[debug] [Loading] Found non-root projects 
[debug] [Loading] Done in C:\Users\pdcdi\Documents\Scala\Notes\project, returning: ()
[debug] deducing auto plugins based on known facts Set(Atom(sbt.plugins.CorePlugin)) and clauses Clauses(Clause(Atom(sbt.plugins.JvmPlugin),Set(Atom(sbt.plugins.IvyPlugin)))
[debug] Clause(Atom(sbt.ScriptedPlugin),Set(Atom(sbt.plugins.JvmPlugin)))
[debug] Clause(Atom(sbt.plugins.SbtPlugin),Set(Atom(sbt.ScriptedPlugin)))
[debug] Clause(Atom(sbt.plugins.SemanticdbPlugin),Set(Atom(sbt.plugins.JvmPlugin)))
[debug] Clause(Atom(sbt.plugins.JUnitXmlReportPlugin),Set(Atom(sbt.plugins.JvmPlugin)))
[debug] Clause(Atom(sbt.plugins.MiniDependencyTreePlugin),Set(Atom(sbt.plugins.JvmPlugin)))
[debug] Clause(Atom(bloop.integrations.sbt.BloopPlugin),Set(Atom(sbt.plugins.JvmPlugin)))
[debug] Clause(Atom(sbt.plugins.CorePlugin),Set(Atom(sbt.plugins.IvyPlugin)))
[debug] Clause(Atom(sbt.plugins.IvyPlugin),Set(Atom(sbt.plugins.JvmPlugin)))
[debug] Clause(Atom(sbt.plugins.JvmPlugin),Set(Atom(sbt.plugins.SemanticdbPlugin)))
[debug] Clause(Atom(sbt.plugins.JvmPlugin),Set(Atom(sbt.plugins.JUnitXmlReportPlugin)))
[debug] Clause(Atom(sbt.plugins.CorePlugin),Set(Atom(sbt.plugins.Giter8TemplatePlugin)))
[debug] Clause(Atom(sbt.plugins.JvmPlugin),Set(Atom(sbt.plugins.MiniDependencyTreePlugin)))
[debug] Clause(Atom(sbt.plugins.JvmPlugin),Set(Atom(bloop.integrations.sbt.BloopPlugin))))
[debug]   :: deduced result: Matched(sbt.plugins.CorePlugin,sbt.plugins.Giter8TemplatePlugin,sbt.plugins.IvyPlugin,sbt.plugins.JvmPlugin,bloop.integrations.sbt.BloopPlugin,sbt.plugins.MiniDependencyTreePlugin,sbt.plugins.JUnitXmlReportPlugin,sbt.plugins.SemanticdbPlugin)
[debug] Plugins.deducer#function took 4.9293 ms
[info] loading settings for project notes-build from metals.sbt ...
[debug]               Load.resolveProject(notes-build) took 23.0824ms
[debug]             Load.loadTransitive: finalizeProject(Project(id notes-build, base: C:\Users\pdcdi\Documents\Scala\Notes\project, plugins: List(<none>))) took 29.0107ms
[debug] [Loading] Done in C:\Users\pdcdi\Documents\Scala\Notes\project, returning: (notes-build)
[debug]           Load.loadUnit: loadedProjectsRaw took 86.2096ms
[debug]           Load.loadUnit: cleanEvalClasses took 2.0978ms
[debug]         Load.loadUnit(file:/C:/Users/pdcdi/Documents/Scala/Notes/project/, ...) took 9531.0839ms
[debug]       Load.apply: load took 9535.779ms
[debug]       Load.apply: resolveProjects took 0.2497ms
[debug]       Load.apply: finalTransforms took 19.519ms
[debug]       Load.apply: config.delegates took 0.7051ms
[debug]       Load.apply: Def.make(settings)... took 160.4042ms
[debug]       Load.apply: structureIndex took 51.3877ms
[debug]       Load.apply: mkStreams took 0.0042ms
[info] loading project definition from C:\Users\pdcdi\Documents\Scala\Notes\project
[debug] Evaluating tasks: bloopInstall
[debug] Running task... Cancel: Signal, check cycles: false, forcegc: true
